<?xml version="1.0" encoding="UTF-8"?>
<testsuite xmlns:xsi="http://www.w3.org/2001/XMLSchema-instance" xsi:noNamespaceSchemaLocation="https://maven.apache.org/surefire/maven-surefire-plugin/xsd/surefire-test-report.xsd" version="3.0.2" name="com.ollama.backend.OllamaSpringBootImplementationApplicationTests" time="7.509" tests="1" errors="0" skipped="0" failures="0">
  <properties>
[...]
</properties>
  <testcase name="contextLoads" classname="com.ollama.backend.OllamaSpringBootImplementationApplicationTests" time="1.418">
    <system-out><![CDATA[04:27:04.454 [main] INFO org.springframework.test.context.support.AnnotationConfigContextLoaderUtils -- Could not detect default configuration classes for test class [com.ollama.backend.OllamaSpringBootImplementationApplicationTests]: OllamaSpringBootImplementationApplicationTests does not declare any static, non-private, non-final, nested classes annotated with @Configuration.
04:27:04.743 [main] INFO org.springframework.boot.test.context.SpringBootTestContextBootstrapper -- Found @SpringBootConfiguration com.ollama.backend.OllamaSpringBootImplementationApplication for test class com.ollama.backend.OllamaSpringBootImplementationApplicationTests
04:27:05.132 [main] INFO org.springframework.boot.devtools.restart.RestartApplicationListener -- Restart disabled due to context in which it is running

  .   ____          _            __ _ _
 /\\ / ___'_ __ _ _(_)_ __  __ _ \ \ \ \
( ( )\___ | '_ | '_| | '_ \/ _` | \ \ \ \
 \\/  ___)| |_)| | | | | || (_| |  ) ) ) )
  '  |____| .__|_| |_|_| |_\__, | / / / /
 =========|_|==============|___/=/_/_/_/

 :: Spring Boot ::                (v3.4.2)

2025-02-17T04:27:05.751+05:30  INFO 86240 --- [ollama-spring-boot-implementation] [           main] SpringBootImplementationApplicationTests : Starting OllamaSpringBootImplementationApplicationTests using Java 19.0.2 with PID 86240 (started by prabhatkumar in /Users/prabhatkumar/Downloads/ollama-spring-boot-implementation)
2025-02-17T04:27:05.754+05:30 DEBUG 86240 --- [ollama-spring-boot-implementation] [           main] SpringBootImplementationApplicationTests : Running with Spring Boot v3.4.2, Spring v6.2.2
2025-02-17T04:27:05.755+05:30  INFO 86240 --- [ollama-spring-boot-implementation] [           main] SpringBootImplementationApplicationTests : No active profile set, falling back to 1 default profile: "default"
2025-02-17T04:27:05.875+05:30 DEBUG 86240 --- [ollama-spring-boot-implementation] [           main] o.s.w.c.s.GenericWebApplicationContext   : Refreshing org.springframework.web.context.support.GenericWebApplicationContext@22db8f4
2025-02-17T04:27:08.350+05:30  WARN 86240 --- [ollama-spring-boot-implementation] [           main] .s.s.UserDetailsServiceAutoConfiguration : 

Using generated security password: df76cc19-06bc-49ff-8c3b-b2ddc22383db

This generated password is for development use only. Your security configuration must be updated before running your application in production.

2025-02-17T04:27:08.378+05:30  INFO 86240 --- [ollama-spring-boot-implementation] [           main] r$InitializeUserDetailsManagerConfigurer : Global AuthenticationManager configured with UserDetailsService bean with name inMemoryUserDetailsManager
2025-02-17T04:27:08.491+05:30  INFO 86240 --- [ollama-spring-boot-implementation] [           main] o.s.b.a.w.s.WelcomePageHandlerMapping    : Adding welcome page: class path resource [static/index.html]
2025-02-17T04:27:08.713+05:30 DEBUG 86240 --- [ollama-spring-boot-implementation] [           main] s.w.s.m.m.a.RequestMappingHandlerMapping : 4 mappings in 'requestMappingHandlerMapping'
2025-02-17T04:27:08.745+05:30 DEBUG 86240 --- [ollama-spring-boot-implementation] [           main] o.s.w.s.c.annotation.WebMvcConfigurer    : Default resource handling disabled
2025-02-17T04:27:09.061+05:30 DEBUG 86240 --- [ollama-spring-boot-implementation] [           main] s.w.s.m.m.a.RequestMappingHandlerAdapter : ControllerAdvice beans: 0 @ModelAttribute, 0 @InitBinder, 1 RequestBodyAdvice, 1 ResponseBodyAdvice
2025-02-17T04:27:09.142+05:30 DEBUG 86240 --- [ollama-spring-boot-implementation] [           main] .m.m.a.ExceptionHandlerExceptionResolver : ControllerAdvice beans: 0 @ExceptionHandler, 1 ResponseBodyAdvice
2025-02-17T04:27:10.044+05:30  INFO 86240 --- [ollama-spring-boot-implementation] [           main] SpringBootImplementationApplicationTests : Started OllamaSpringBootImplementationApplicationTests in 4.95 seconds (process running for 7.347)
]]></system-out>
  </testcase>
</testsuite>